android/app/build/intermediates/manifest_merge_blame_file/release/manifest-merger-blame-release-report.txt
1<?xml version="1.0" encoding="utf-8"?>
2<manifest xmlns:android="http://schemas.android.com/apk/res/android"
3    package="com.guidednav"
4    android:versionCode="1"
5    android:versionName="1.0" >
6
7    <uses-sdk
8        android:minSdkVersion="16"
8-->src/main/AndroidManifest.xml
9        android:targetSdkVersion="28" />
9-->src/main/AndroidManifest.xml
10
11    <uses-permission android:name="android.permission.INTERNET" />
11-->src/main/AndroidManifest.xml:5:5-67
11-->src/main/AndroidManifest.xml:5:22-64
12    <uses-permission android:name="android.permission.RECORD_AUDIO" />
12-->src/main/AndroidManifest.xml:7:5-71
12-->src/main/AndroidManifest.xml:7:22-68
13    <uses-permission android:name="android.permission.ACCESS_WIFI_STATE" />
13-->src/main/AndroidManifest.xml:9:5-75
13-->src/main/AndroidManifest.xml:9:22-73
14    <uses-permission android:name="android.permission.CHANGE_WIFI_STATE" />
14-->src/main/AndroidManifest.xml:10:5-75
14-->src/main/AndroidManifest.xml:10:22-73
15    <uses-permission android:name="android.permission.BLUETOOTH" />
15-->src/main/AndroidManifest.xml:12:5-67
15-->src/main/AndroidManifest.xml:12:22-65
16    <uses-permission android:name="android.permission.BLUETOOTH_ADMIN" />
16-->src/main/AndroidManifest.xml:13:5-73
16-->src/main/AndroidManifest.xml:13:22-71
17    <uses-permission android:name="android.permission.ACCESS_FINE_LOCATION" />
17-->src/main/AndroidManifest.xml:15:5-78
17-->src/main/AndroidManifest.xml:15:22-76
18    <uses-permission android:name="android.permission.CAMERA" />
18-->src/main/AndroidManifest.xml:17:5-65
18-->src/main/AndroidManifest.xml:17:22-62
19
20    <uses-feature android:name="android.hardware.camera" />
20-->src/main/AndroidManifest.xml:18:5-60
20-->src/main/AndroidManifest.xml:18:19-57
21
22    <uses-permission android:name="android.permission.FLASHLIGHT" />
22-->src/main/AndroidManifest.xml:19:5-68
22-->src/main/AndroidManifest.xml:19:22-66
23
24    <uses-feature android:name="android.hardware.camera.flash" />
24-->src/main/AndroidManifest.xml:20:5-65
24-->src/main/AndroidManifest.xml:20:19-63
25
26    <application
26-->src/main/AndroidManifest.xml:23:5-41:19
27        android:name="com.guidednav.MainApplication"
27-->src/main/AndroidManifest.xml:24:7-38
28        android:allowBackup="false"
28-->src/main/AndroidManifest.xml:28:7-34
29        android:appComponentFactory="androidx.core.app.CoreComponentFactory"
29-->[androidx.core:core:1.1.0] AndroidManifest.xml:24:18-86
30        android:icon="@mipmap/ic_launcher"
30-->src/main/AndroidManifest.xml:26:7-41
31        android:label="@string/app_name"
31-->src/main/AndroidManifest.xml:25:7-39
32        android:roundIcon="@mipmap/ic_launcher_round"
32-->src/main/AndroidManifest.xml:27:7-52
33        android:theme="@style/AppTheme" >
33-->src/main/AndroidManifest.xml:29:7-38
34        <activity
34-->src/main/AndroidManifest.xml:30:7-39:18
35            android:name="com.guidednav.MainActivity"
35-->src/main/AndroidManifest.xml:31:9-37
36            android:configChanges="keyboard|keyboardHidden|orientation|screenSize"
36-->src/main/AndroidManifest.xml:33:9-79
37            android:label="@string/app_name"
37-->src/main/AndroidManifest.xml:32:9-41
38            android:windowSoftInputMode="adjustResize" >
38-->src/main/AndroidManifest.xml:34:9-51
39            <intent-filter>
39-->src/main/AndroidManifest.xml:35:9-38:25
40                <action android:name="android.intent.action.MAIN" />
40-->src/main/AndroidManifest.xml:36:13-65
40-->src/main/AndroidManifest.xml:36:21-62
41
42                <category android:name="android.intent.category.LAUNCHER" />
42-->src/main/AndroidManifest.xml:37:13-73
42-->src/main/AndroidManifest.xml:37:23-70
43            </intent-filter>
44        </activity>
45        <activity android:name="com.facebook.react.devsupport.DevSettingsActivity" />
45-->src/main/AndroidManifest.xml:40:7-84
45-->src/main/AndroidManifest.xml:40:17-81
46    </application>
47
48</manifest>